build/app/outputs/mapping/release/mapping.txt
# compiler: R8
# compiler_version: 1.5.64
# min_api: 21
# pg_map_id: 0779f18
...
com.google.firebase.firestore.-$$Lambda$Query$D7ktmeqJ8k2V5fNoHR_lYSpbkmo -> com.google.firebase.firestore.l:
    com.google.firebase.firestore.Query f$0 -> a
    java.lang.Object then(com.google.android.gms.tasks.Task) -> a
com.google.firebase.firestore.-$$Lambda$Transaction$sRNR3BCgGYfbNeYGw0ih07Vay8w -> com.google.firebase.firestore.m:
    com.google.firebase.firestore.Transaction f$0 -> a
    java.lang.Object then(com.google.android.gms.tasks.Task) -> a
com.google.firebase.firestore.Blob -> com.google.firebase.firestore.n:
    com.google.protobuf.ByteString bytes -> k
    int compareTo(com.google.firebase.firestore.Blob) -> a
    com.google.firebase.firestore.Blob fromByteString(com.google.protobuf.ByteString) -> a
    com.google.firebase.firestore.Blob fromBytes(byte[]) -> a
    com.google.protobuf.ByteString toByteString() -> b
    byte[] toBytes() -> c
com.google.firebase.firestore.CollectionReference -> com.google.firebase.firestore.o:
com.google.firebase.firestore.DocumentChange -> com.google.firebase.firestore.p:
    com.google.firebase.firestore.QueryDocumentSnapshot document -> b
    com.google.firebase.firestore.DocumentChange$Type type -> a
    int newIndex -> d
    int oldIndex -> c
    java.util.List changesFromSnapshot(com.google.firebase.firestore.FirebaseFirestore,com.google.firebase.firestore.MetadataChanges,com.google.firebase.firestore.core.ViewSnapshot) -> a
    com.google.firebase.firestore.QueryDocumentSnapshot getDocument() -> a
    com.google.firebase.firestore.DocumentChange$Type getType(com.google.firebase.firestore.core.DocumentViewChange) -> a
    int getNewIndex() -> b
    int getOldIndex() -> c
    com.google.firebase.firestore.DocumentChange$Type getType() -> d
com.google.firebase.firestore.DocumentChange$1 -> com.google.firebase.firestore.p$a:
    int[] $SwitchMap$com$google$firebase$firestore$core$DocumentViewChange$Type -> a
com.google.firebase.firestore.DocumentChange$Type -> com.google.firebase.firestore.p$b:
    com.google.firebase.firestore.DocumentChange$Type REMOVED -> m
    com.google.firebase.firestore.DocumentChange$Type MODIFIED -> l
    com.google.firebase.firestore.DocumentChange$Type ADDED -> k
    com.google.firebase.firestore.DocumentChange$Type[] $VALUES -> n
com.google.firebase.firestore.DocumentId -> com.google.firebase.firestore.q:
com.google.firebase.firestore.DocumentReference -> com.google.firebase.firestore.r:
    com.google.firebase.firestore.FirebaseFirestore firestore -> b
    com.google.firebase.firestore.model.DocumentKey key -> a
    com.google.firebase.firestore.ListenerRegistration addSnapshotListener(com.google.firebase.firestore.MetadataChanges,com.google.firebase.firestore.EventListener) -> a
    com.google.firebase.firestore.ListenerRegistration addSnapshotListener(java.util.concurrent.Executor,com.google.firebase.firestore.MetadataChanges,com.google.firebase.firestore.EventListener) -> a
    com.google.firebase.firestore.ListenerRegistration addSnapshotListenerInternal(java.util.concurrent.Executor,com.google.firebase.firestore.core.EventManager$ListenOptions,android.app.Activity,com.google.firebase.firestore.EventListener) -> a
    com.google.android.gms.tasks.Task delete() -> a
    com.google.firebase.firestore.DocumentReference forPath(com.google.firebase.firestore.model.ResourcePath,com.google.firebase.firestore.FirebaseFirestore) -> a
    com.google.android.gms.tasks.Task get(com.google.firebase.firestore.Source) -> a
    com.google.firebase.firestore.core.EventManager$ListenOptions internalOptions(com.google.firebase.firestore.MetadataChanges) -> a
    void lambda$addSnapshotListenerInternal$2(com.google.firebase.firestore.EventListener,com.google.firebase.firestore.core.ViewSnapshot,com.google.firebase.firestore.FirebaseFirestoreException) -> a